information QA1004: blank or 'noise' <param> tag ignored for member: "M:SuperDoku.DrawableObject.#ctor(SuperDoku.BufferedUserControl)"
information QA1004: blank or 'noise' <param> tag ignored for member: "M:SuperDoku.VariableStyleDrawableObject.#ctor(SuperDoku.GridUserControl)"
information QA1004: blank or 'noise' <param> tag ignored for member: "M:SuperDoku.PencilMarks.#ctor(SuperDoku.Square)"
warning QA1009: Duplicate <param name="obj"> tag for member : "M:System.Reflection.CustomAttributeData.Equals(System.Object)" , previous comments overriden.
warning QA1009: Duplicate <param name="rank"> tag for member : "M:System.Reflection.Emit.EnumBuilder.MakeArrayType(System.Int32)" , previous comments overriden.
warning QA1009: Duplicate <param name="x"> tag for member : "M:System.Windows.Forms.ComboBox.SetBoundsCore(System.Int32,System.Int32,System.Int32,System.Int32,System.Windows.Forms.BoundsSpecified)" , previous comments overriden.
warning QA1009: Duplicate <param name="y"> tag for member : "M:System.Windows.Forms.ComboBox.SetBoundsCore(System.Int32,System.Int32,System.Int32,System.Int32,System.Windows.Forms.BoundsSpecified)" , previous comments overriden.
warning QA1009: Duplicate <param name="width"> tag for member : "M:System.Windows.Forms.ComboBox.SetBoundsCore(System.Int32,System.Int32,System.Int32,System.Int32,System.Windows.Forms.BoundsSpecified)" , previous comments overriden.
warning QA1009: Duplicate <param name="height"> tag for member : "M:System.Windows.Forms.ComboBox.SetBoundsCore(System.Int32,System.Int32,System.Int32,System.Int32,System.Windows.Forms.BoundsSpecified)" , previous comments overriden.
warning QA1009: Duplicate <param name="specified"> tag for member : "M:System.Windows.Forms.ComboBox.SetBoundsCore(System.Int32,System.Int32,System.Int32,System.Int32,System.Windows.Forms.BoundsSpecified)" , previous comments overriden.
warning QA1009: Duplicate <param name="visible"> tag for member : "M:System.Windows.Forms.ContextMenuStrip.SetVisibleCore(System.Boolean)" , previous comments overriden.
warning QA1009: Duplicate <param name="dataBinding"> tag for member : "M:System.Windows.Forms.ControlBindingsCollection.AddCore(System.Windows.Forms.Binding)" , previous comments overriden.
warning QA1009: Duplicate <param name="e"> tag for member : "M:System.Windows.Forms.CurrencyManager.OnCurrentChanged(System.EventArgs)" , previous comments overriden.
warning QA1009: Duplicate <param name="e"> tag for member : "M:System.Windows.Forms.CurrencyManager.OnCurrentItemChanged(System.EventArgs)" , previous comments overriden.
warning QA1009: Duplicate <param name="context"> tag for member : "M:System.Windows.Forms.CursorConverter.CanConvertFrom(System.ComponentModel.ITypeDescriptorContext,System.Type)" , previous comments overriden.
warning QA1009: Duplicate <param name="sourceType"> tag for member : "M:System.Windows.Forms.CursorConverter.CanConvertFrom(System.ComponentModel.ITypeDescriptorContext,System.Type)" , previous comments overriden.
warning QA1009: Duplicate <param name="context"> tag for member : "M:System.Windows.Forms.CursorConverter.CanConvertTo(System.ComponentModel.ITypeDescriptorContext,System.Type)" , previous comments overriden.
warning QA1009: Duplicate <param name="destinationType"> tag for member : "M:System.Windows.Forms.CursorConverter.CanConvertTo(System.ComponentModel.ITypeDescriptorContext,System.Type)" , previous comments overriden.
warning QA1009: Duplicate <param name="context"> tag for member : "M:System.Windows.Forms.CursorConverter.GetStandardValues(System.ComponentModel.ITypeDescriptorContext)" , previous comments overriden.
warning QA1009: Duplicate <param name="context"> tag for member : "M:System.Windows.Forms.CursorConverter.GetStandardValuesSupported(System.ComponentModel.ITypeDescriptorContext)" , previous comments overriden.
warning QA1009: Duplicate <param name="disposing"> tag for member : "M:System.Windows.Forms.DataGrid.Dispose(System.Boolean)" , previous comments overriden.
warning QA1009: Duplicate <param name="rowNum"> tag for member : "M:System.Windows.Forms.DataGridBoolColumn.Abort(System.Int32)" , previous comments overriden.
warning QA1009: Duplicate <param name="dataSource"> tag for member : "M:System.Windows.Forms.DataGridBoolColumn.Commit(System.Windows.Forms.CurrencyManager,System.Int32)" , previous comments overriden.
warning QA1009: Duplicate <param name="rowNum"> tag for member : "M:System.Windows.Forms.DataGridBoolColumn.Commit(System.Windows.Forms.CurrencyManager,System.Int32)" , previous comments overriden.
warning QA1009: Duplicate <param name="source"> tag for member : "M:System.Windows.Forms.DataGridBoolColumn.Edit(System.Windows.Forms.CurrencyManager,System.Int32,System.Drawing.Rectangle,System.Boolean,System.String,System.Boolean)" , previous comments overriden.
warning QA1009: Duplicate <param name="rowNum"> tag for member : "M:System.Windows.Forms.DataGridBoolColumn.Edit(System.Windows.Forms.CurrencyManager,System.Int32,System.Drawing.Rectangle,System.Boolean,System.String,System.Boolean)" , previous comments overriden.
warning QA1009: Duplicate <param name="bounds"> tag for member : "M:System.Windows.Forms.DataGridBoolColumn.Edit(System.Windows.Forms.CurrencyManager,System.Int32,System.Drawing.Rectangle,System.Boolean,System.String,System.Boolean)" , previous comments overriden.
warning QA1009: Duplicate <param name="readOnly"> tag for member : "M:System.Windows.Forms.DataGridBoolColumn.Edit(System.Windows.Forms.CurrencyManager,System.Int32,System.Drawing.Rectangle,System.Boolean,System.String,System.Boolean)" , previous comments overriden.
warning QA1009: Duplicate <param name="displayText"> tag for member : "M:System.Windows.Forms.DataGridBoolColumn.Edit(System.Windows.Forms.CurrencyManager,System.Int32,System.Drawing.Rectangle,System.Boolean,System.String,System.Boolean)" , previous comments overriden.
warning QA1009: Duplicate <param name="cellIsVisible"> tag for member : "M:System.Windows.Forms.DataGridBoolColumn.Edit(System.Windows.Forms.CurrencyManager,System.Int32,System.Drawing.Rectangle,System.Boolean,System.String,System.Boolean)" , previous comments overriden.
warning QA1009: Duplicate <param name="g"> tag for member : "M:System.Windows.Forms.DataGridBoolColumn.GetPreferredHeight(System.Drawing.Graphics,System.Object)" , previous comments overriden.
warning QA1009: Duplicate <param name="value"> tag for member : "M:System.Windows.Forms.DataGridBoolColumn.GetPreferredHeight(System.Drawing.Graphics,System.Object)" , previous comments overriden.
warning QA1009: Duplicate <param name="g"> tag for member : "M:System.Windows.Forms.DataGridBoolColumn.GetPreferredSize(System.Drawing.Graphics,System.Object)" , previous comments overriden.
warning QA1009: Duplicate <param name="value"> tag for member : "M:System.Windows.Forms.DataGridBoolColumn.GetPreferredSize(System.Drawing.Graphics,System.Object)" , previous comments overriden.
warning QA1009: Duplicate <param name="g"> tag for member : "M:System.Windows.Forms.DataGridBoolColumn.Paint(System.Drawing.Graphics,System.Drawing.Rectangle,System.Windows.Forms.CurrencyManager,System.Int32,System.Drawing.Brush,System.Drawing.Brush,System.Boolean)" , previous comments overriden.
warning QA1009: Duplicate <param name="bounds"> tag for member : "M:System.Windows.Forms.DataGridBoolColumn.Paint(System.Drawing.Graphics,System.Drawing.Rectangle,System.Windows.Forms.CurrencyManager,System.Int32,System.Drawing.Brush,System.Drawing.Brush,System.Boolean)" , previous comments overriden.
warning QA1009: Duplicate <param name="source"> tag for member : "M:System.Windows.Forms.DataGridBoolColumn.Paint(System.Drawing.Graphics,System.Drawing.Rectangle,System.Windows.Forms.CurrencyManager,System.Int32,System.Drawing.Brush,System.Drawing.Brush,System.Boolean)" , previous comments overriden.
warning QA1009: Duplicate <param name="rowNum"> tag for member : "M:System.Windows.Forms.DataGridBoolColumn.Paint(System.Drawing.Graphics,System.Drawing.Rectangle,System.Windows.Forms.CurrencyManager,System.Int32,System.Drawing.Brush,System.Drawing.Brush,System.Boolean)" , previous comments overriden.
warning QA1009: Duplicate <param name="backBrush"> tag for member : "M:System.Windows.Forms.DataGridBoolColumn.Paint(System.Drawing.Graphics,System.Drawing.Rectangle,System.Windows.Forms.CurrencyManager,System.Int32,System.Drawing.Brush,System.Drawing.Brush,System.Boolean)" , previous comments overriden.
warning QA1009: Duplicate <param name="foreBrush"> tag for member : "M:System.Windows.Forms.DataGridBoolColumn.Paint(System.Drawing.Graphics,System.Drawing.Rectangle,System.Windows.Forms.CurrencyManager,System.Int32,System.Drawing.Brush,System.Drawing.Brush,System.Boolean)" , previous comments overriden.
warning QA1009: Duplicate <param name="alignToRight"> tag for member : "M:System.Windows.Forms.DataGridBoolColumn.Paint(System.Drawing.Graphics,System.Drawing.Rectangle,System.Windows.Forms.CurrencyManager,System.Int32,System.Drawing.Brush,System.Drawing.Brush,System.Boolean)" , previous comments overriden.
warning QA1009: Duplicate <param name="value"> tag for member : "M:System.Windows.Forms.DataGridBoolColumn.SetColumnValueAtRow(System.Windows.Forms.CurrencyManager,System.Int32,System.Object)" , previous comments overriden.
warning QA1009: Duplicate <param name="context"> tag for member : "M:System.Windows.Forms.DataGridPreferredColumnWidthTypeConverter.CanConvertFrom(System.ComponentModel.ITypeDescriptorContext,System.Type)" , previous comments overriden.
warning QA1009: Duplicate <param name="sourceType"> tag for member : "M:System.Windows.Forms.DataGridPreferredColumnWidthTypeConverter.CanConvertFrom(System.ComponentModel.ITypeDescriptorContext,System.Type)" , previous comments overriden.
warning QA1009: Duplicate <param name="context"> tag for member : "M:System.Windows.Forms.DataGridPreferredColumnWidthTypeConverter.ConvertFrom(System.ComponentModel.ITypeDescriptorContext,System.Globalization.CultureInfo,System.Object)" , previous comments overriden.
warning QA1009: Duplicate <param name="culture"> tag for member : "M:System.Windows.Forms.DataGridPreferredColumnWidthTypeConverter.ConvertFrom(System.ComponentModel.ITypeDescriptorContext,System.Globalization.CultureInfo,System.Object)" , previous comments overriden.
warning QA1009: Duplicate <param name="value"> tag for member : "M:System.Windows.Forms.DataGridPreferredColumnWidthTypeConverter.ConvertFrom(System.ComponentModel.ITypeDescriptorContext,System.Globalization.CultureInfo,System.Object)" , previous comments overriden.
warning QA1009: Duplicate <param name="context"> tag for member : "M:System.Windows.Forms.DataGridPreferredColumnWidthTypeConverter.ConvertTo(System.ComponentModel.ITypeDescriptorContext,System.Globalization.CultureInfo,System.Object,System.Type)" , previous comments overriden.
warning QA1009: Duplicate <param name="culture"> tag for member : "M:System.Windows.Forms.DataGridPreferredColumnWidthTypeConverter.ConvertTo(System.ComponentModel.ITypeDescriptorContext,System.Globalization.CultureInfo,System.Object,System.Type)" , previous comments overriden.
warning QA1009: Duplicate <param name="value"> tag for member : "M:System.Windows.Forms.DataGridPreferredColumnWidthTypeConverter.ConvertTo(System.ComponentModel.ITypeDescriptorContext,System.Globalization.CultureInfo,System.Object,System.Type)" , previous comments overriden.
warning QA1009: Duplicate <param name="destinationType"> tag for member : "M:System.Windows.Forms.DataGridPreferredColumnWidthTypeConverter.ConvertTo(System.ComponentModel.ITypeDescriptorContext,System.Globalization.CultureInfo,System.Object,System.Type)" , previous comments overriden.
warning QA1009: Duplicate <param name="e"> tag for member : "M:System.Windows.Forms.DataGridTextBox.OnKeyPress(System.Windows.Forms.KeyPressEventArgs)" , previous comments overriden.
warning QA1009: Duplicate <param name="e"> tag for member : "M:System.Windows.Forms.DataGridTextBox.OnMouseWheel(System.Windows.Forms.MouseEventArgs)" , previous comments overriden.
warning QA1009: Duplicate <param name="m"> tag for member : "M:System.Windows.Forms.DataGridTextBox.ProcessKeyMessage(System.Windows.Forms.Message@)" , previous comments overriden.
warning QA1009: Duplicate <param name="m"> tag for member : "M:System.Windows.Forms.DataGridTextBox.WndProc(System.Windows.Forms.Message@)" , previous comments overriden.
warning QA1009: Duplicate <param name="rowNum"> tag for member : "M:System.Windows.Forms.DataGridTextBoxColumn.Abort(System.Int32)" , previous comments overriden.
warning QA1009: Duplicate <param name="dataSource"> tag for member : "M:System.Windows.Forms.DataGridTextBoxColumn.Commit(System.Windows.Forms.CurrencyManager,System.Int32)" , previous comments overriden.
warning QA1009: Duplicate <param name="rowNum"> tag for member : "M:System.Windows.Forms.DataGridTextBoxColumn.Commit(System.Windows.Forms.CurrencyManager,System.Int32)" , previous comments overriden.
warning QA1009: Duplicate <param name="source"> tag for member : "M:System.Windows.Forms.DataGridTextBoxColumn.Edit(System.Windows.Forms.CurrencyManager,System.Int32,System.Drawing.Rectangle,System.Boolean,System.String,System.Boolean)" , previous comments overriden.
warning QA1009: Duplicate <param name="rowNum"> tag for member : "M:System.Windows.Forms.DataGridTextBoxColumn.Edit(System.Windows.Forms.CurrencyManager,System.Int32,System.Drawing.Rectangle,System.Boolean,System.String,System.Boolean)" , previous comments overriden.
warning QA1009: Duplicate <param name="bounds"> tag for member : "M:System.Windows.Forms.DataGridTextBoxColumn.Edit(System.Windows.Forms.CurrencyManager,System.Int32,System.Drawing.Rectangle,System.Boolean,System.String,System.Boolean)" , previous comments overriden.
warning QA1009: Duplicate <param name="readOnly"> tag for member : "M:System.Windows.Forms.DataGridTextBoxColumn.Edit(System.Windows.Forms.CurrencyManager,System.Int32,System.Drawing.Rectangle,System.Boolean,System.String,System.Boolean)" , previous comments overriden.
warning QA1009: Duplicate <param name="displayText"> tag for member : "M:System.Windows.Forms.DataGridTextBoxColumn.Edit(System.Windows.Forms.CurrencyManager,System.Int32,System.Drawing.Rectangle,System.Boolean,System.String,System.Boolean)" , previous comments overriden.
warning QA1009: Duplicate <param name="cellIsVisible"> tag for member : "M:System.Windows.Forms.DataGridTextBoxColumn.Edit(System.Windows.Forms.CurrencyManager,System.Int32,System.Drawing.Rectangle,System.Boolean,System.String,System.Boolean)" , previous comments overriden.
warning QA1009: Duplicate <param name="g"> tag for member : "M:System.Windows.Forms.DataGridTextBoxColumn.GetPreferredHeight(System.Drawing.Graphics,System.Object)" , previous comments overriden.
warning QA1009: Duplicate <param name="value"> tag for member : "M:System.Windows.Forms.DataGridTextBoxColumn.GetPreferredHeight(System.Drawing.Graphics,System.Object)" , previous comments overriden.
warning QA1009: Duplicate <param name="g"> tag for member : "M:System.Windows.Forms.DataGridTextBoxColumn.GetPreferredSize(System.Drawing.Graphics,System.Object)" , previous comments overriden.
warning QA1009: Duplicate <param name="value"> tag for member : "M:System.Windows.Forms.DataGridTextBoxColumn.GetPreferredSize(System.Drawing.Graphics,System.Object)" , previous comments overriden.
warning QA1009: Duplicate <param name="g"> tag for member : "M:System.Windows.Forms.DataGridTextBoxColumn.Paint(System.Drawing.Graphics,System.Drawing.Rectangle,System.Windows.Forms.CurrencyManager,System.Int32)" , previous comments overriden.
warning QA1009: Duplicate <param name="bounds"> tag for member : "M:System.Windows.Forms.DataGridTextBoxColumn.Paint(System.Drawing.Graphics,System.Drawing.Rectangle,System.Windows.Forms.CurrencyManager,System.Int32)" , previous comments overriden.
warning QA1009: Duplicate <param name="source"> tag for member : "M:System.Windows.Forms.DataGridTextBoxColumn.Paint(System.Drawing.Graphics,System.Drawing.Rectangle,System.Windows.Forms.CurrencyManager,System.Int32)" , previous comments overriden.
warning QA1009: Duplicate <param name="rowNum"> tag for member : "M:System.Windows.Forms.DataGridTextBoxColumn.Paint(System.Drawing.Graphics,System.Drawing.Rectangle,System.Windows.Forms.CurrencyManager,System.Int32)" , previous comments overriden.
warning QA1009: Duplicate <param name="g"> tag for member : "M:System.Windows.Forms.DataGridTextBoxColumn.Paint(System.Drawing.Graphics,System.Drawing.Rectangle,System.Windows.Forms.CurrencyManager,System.Int32,System.Boolean)" , previous comments overriden.
warning QA1009: Duplicate <param name="bounds"> tag for member : "M:System.Windows.Forms.DataGridTextBoxColumn.Paint(System.Drawing.Graphics,System.Drawing.Rectangle,System.Windows.Forms.CurrencyManager,System.Int32,System.Boolean)" , previous comments overriden.
warning QA1009: Duplicate <param name="source"> tag for member : "M:System.Windows.Forms.DataGridTextBoxColumn.Paint(System.Drawing.Graphics,System.Drawing.Rectangle,System.Windows.Forms.CurrencyManager,System.Int32,System.Boolean)" , previous comments overriden.
warning QA1009: Duplicate <param name="rowNum"> tag for member : "M:System.Windows.Forms.DataGridTextBoxColumn.Paint(System.Drawing.Graphics,System.Drawing.Rectangle,System.Windows.Forms.CurrencyManager,System.Int32,System.Boolean)" , previous comments overriden.
warning QA1009: Duplicate <param name="alignToRight"> tag for member : "M:System.Windows.Forms.DataGridTextBoxColumn.Paint(System.Drawing.Graphics,System.Drawing.Rectangle,System.Windows.Forms.CurrencyManager,System.Int32,System.Boolean)" , previous comments overriden.
warning QA1009: Duplicate <param name="g"> tag for member : "M:System.Windows.Forms.DataGridTextBoxColumn.Paint(System.Drawing.Graphics,System.Drawing.Rectangle,System.Windows.Forms.CurrencyManager,System.Int32,System.Drawing.Brush,System.Drawing.Brush,System.Boolean)" , previous comments overriden.
warning QA1009: Duplicate <param name="bounds"> tag for member : "M:System.Windows.Forms.DataGridTextBoxColumn.Paint(System.Drawing.Graphics,System.Drawing.Rectangle,System.Windows.Forms.CurrencyManager,System.Int32,System.Drawing.Brush,System.Drawing.Brush,System.Boolean)" , previous comments overriden.
warning QA1009: Duplicate <param name="source"> tag for member : "M:System.Windows.Forms.DataGridTextBoxColumn.Paint(System.Drawing.Graphics,System.Drawing.Rectangle,System.Windows.Forms.CurrencyManager,System.Int32,System.Drawing.Brush,System.Drawing.Brush,System.Boolean)" , previous comments overriden.
warning QA1009: Duplicate <param name="rowNum"> tag for member : "M:System.Windows.Forms.DataGridTextBoxColumn.Paint(System.Drawing.Graphics,System.Drawing.Rectangle,System.Windows.Forms.CurrencyManager,System.Int32,System.Drawing.Brush,System.Drawing.Brush,System.Boolean)" , previous comments overriden.
warning QA1009: Duplicate <param name="backBrush"> tag for member : "M:System.Windows.Forms.DataGridTextBoxColumn.Paint(System.Drawing.Graphics,System.Drawing.Rectangle,System.Windows.Forms.CurrencyManager,System.Int32,System.Drawing.Brush,System.Drawing.Brush,System.Boolean)" , previous comments overriden.
warning QA1009: Duplicate <param name="foreBrush"> tag for member : "M:System.Windows.Forms.DataGridTextBoxColumn.Paint(System.Drawing.Graphics,System.Drawing.Rectangle,System.Windows.Forms.CurrencyManager,System.Int32,System.Drawing.Brush,System.Drawing.Brush,System.Boolean)" , previous comments overriden.
warning QA1009: Duplicate <param name="alignToRight"> tag for member : "M:System.Windows.Forms.DataGridTextBoxColumn.Paint(System.Drawing.Graphics,System.Drawing.Rectangle,System.Windows.Forms.CurrencyManager,System.Int32,System.Drawing.Brush,System.Drawing.Brush,System.Boolean)" , previous comments overriden.
warning QA1009: Duplicate <param name="source"> tag for member : "M:System.Windows.Forms.DataGridTextBoxColumn.UpdateUI(System.Windows.Forms.CurrencyManager,System.Int32,System.String)" , previous comments overriden.
warning QA1009: Duplicate <param name="rowNum"> tag for member : "M:System.Windows.Forms.DataGridTextBoxColumn.UpdateUI(System.Windows.Forms.CurrencyManager,System.Int32,System.String)" , previous comments overriden.
warning QA1009: Duplicate <param name="displayText"> tag for member : "M:System.Windows.Forms.DataGridTextBoxColumn.UpdateUI(System.Windows.Forms.CurrencyManager,System.Int32,System.String)" , previous comments overriden.
warning QA1009: Duplicate <param name="keyData"> tag for member : "M:System.Windows.Forms.DateTimePicker.IsInputKey(System.Windows.Forms.Keys)" , previous comments overriden.
warning QA1009: Duplicate <param name="hWnd"> tag for member : "M:System.Windows.Forms.FileDialog.HookProc(System.IntPtr,System.Int32,System.IntPtr,System.IntPtr)" , previous comments overriden.
warning QA1009: Duplicate <param name="msg"> tag for member : "M:System.Windows.Forms.FileDialog.HookProc(System.IntPtr,System.Int32,System.IntPtr,System.IntPtr)" , previous comments overriden.
warning QA1009: Duplicate <param name="wparam"> tag for member : "M:System.Windows.Forms.FileDialog.HookProc(System.IntPtr,System.Int32,System.IntPtr,System.IntPtr)" , previous comments overriden.
warning QA1009: Duplicate <param name="lparam"> tag for member : "M:System.Windows.Forms.FileDialog.HookProc(System.IntPtr,System.Int32,System.IntPtr,System.IntPtr)" , previous comments overriden.
warning QA1009: Duplicate <param name="x"> tag for member : "M:System.Windows.Forms.Form.SetBoundsCore(System.Int32,System.Int32,System.Int32,System.Int32,System.Windows.Forms.BoundsSpecified)" , previous comments overriden.
warning QA1009: Duplicate <param name="y"> tag for member : "M:System.Windows.Forms.Form.SetBoundsCore(System.Int32,System.Int32,System.Int32,System.Int32,System.Windows.Forms.BoundsSpecified)" , previous comments overriden.
warning QA1009: Duplicate <param name="width"> tag for member : "M:System.Windows.Forms.Form.SetBoundsCore(System.Int32,System.Int32,System.Int32,System.Int32,System.Windows.Forms.BoundsSpecified)" , previous comments overriden.
warning QA1009: Duplicate <param name="height"> tag for member : "M:System.Windows.Forms.Form.SetBoundsCore(System.Int32,System.Int32,System.Int32,System.Int32,System.Windows.Forms.BoundsSpecified)" , previous comments overriden.
warning QA1009: Duplicate <param name="specified"> tag for member : "M:System.Windows.Forms.Form.SetBoundsCore(System.Int32,System.Int32,System.Int32,System.Int32,System.Windows.Forms.BoundsSpecified)" , previous comments overriden.
warning QA1009: Duplicate <param name="x"> tag for member : "M:System.Windows.Forms.Form.SetClientSizeCore(System.Int32,System.Int32)" , previous comments overriden.
warning QA1009: Duplicate <param name="y"> tag for member : "M:System.Windows.Forms.Form.SetClientSizeCore(System.Int32,System.Int32)" , previous comments overriden.
warning QA1009: Duplicate <param name="context"> tag for member : "M:System.Windows.Forms.ImageIndexConverter.ConvertFrom(System.ComponentModel.ITypeDescriptorContext,System.Globalization.CultureInfo,System.Object)" , previous comments overriden.
warning QA1009: Duplicate <param name="culture"> tag for member : "M:System.Windows.Forms.ImageIndexConverter.ConvertFrom(System.ComponentModel.ITypeDescriptorContext,System.Globalization.CultureInfo,System.Object)" , previous comments overriden.
warning QA1009: Duplicate <param name="value"> tag for member : "M:System.Windows.Forms.ImageIndexConverter.ConvertFrom(System.ComponentModel.ITypeDescriptorContext,System.Globalization.CultureInfo,System.Object)" , previous comments overriden.
warning QA1009: Duplicate <param name="context"> tag for member : "M:System.Windows.Forms.LinkArea.LinkAreaConverter.CanConvertFrom(System.ComponentModel.ITypeDescriptorContext,System.Type)" , previous comments overriden.
warning QA1009: Duplicate <param name="sourceType"> tag for member : "M:System.Windows.Forms.LinkArea.LinkAreaConverter.CanConvertFrom(System.ComponentModel.ITypeDescriptorContext,System.Type)" , previous comments overriden.
warning QA1009: Duplicate <param name="context"> tag for member : "M:System.Windows.Forms.LinkArea.LinkAreaConverter.CanConvertTo(System.ComponentModel.ITypeDescriptorContext,System.Type)" , previous comments overriden.
warning QA1009: Duplicate <param name="destinationType"> tag for member : "M:System.Windows.Forms.LinkArea.LinkAreaConverter.CanConvertTo(System.ComponentModel.ITypeDescriptorContext,System.Type)" , previous comments overriden.
warning QA1009: Duplicate <param name="context"> tag for member : "M:System.Windows.Forms.LinkArea.LinkAreaConverter.ConvertFrom(System.ComponentModel.ITypeDescriptorContext,System.Globalization.CultureInfo,System.Object)" , previous comments overriden.
warning QA1009: Duplicate <param name="culture"> tag for member : "M:System.Windows.Forms.LinkArea.LinkAreaConverter.ConvertFrom(System.ComponentModel.ITypeDescriptorContext,System.Globalization.CultureInfo,System.Object)" , previous comments overriden.
warning QA1009: Duplicate <param name="value"> tag for member : "M:System.Windows.Forms.LinkArea.LinkAreaConverter.ConvertFrom(System.ComponentModel.ITypeDescriptorContext,System.Globalization.CultureInfo,System.Object)" , previous comments overriden.
warning QA1009: Duplicate <param name="context"> tag for member : "M:System.Windows.Forms.LinkArea.LinkAreaConverter.ConvertTo(System.ComponentModel.ITypeDescriptorContext,System.Globalization.CultureInfo,System.Object,System.Type)" , previous comments overriden.
warning QA1009: Duplicate <param name="culture"> tag for member : "M:System.Windows.Forms.LinkArea.LinkAreaConverter.ConvertTo(System.ComponentModel.ITypeDescriptorContext,System.Globalization.CultureInfo,System.Object,System.Type)" , previous comments overriden.
warning QA1009: Duplicate <param name="value"> tag for member : "M:System.Windows.Forms.LinkArea.LinkAreaConverter.ConvertTo(System.ComponentModel.ITypeDescriptorContext,System.Globalization.CultureInfo,System.Object,System.Type)" , previous comments overriden.
warning QA1009: Duplicate <param name="destinationType"> tag for member : "M:System.Windows.Forms.LinkArea.LinkAreaConverter.ConvertTo(System.ComponentModel.ITypeDescriptorContext,System.Globalization.CultureInfo,System.Object,System.Type)" , previous comments overriden.
warning QA1009: Duplicate <param name="context"> tag for member : "M:System.Windows.Forms.LinkArea.LinkAreaConverter.CreateInstance(System.ComponentModel.ITypeDescriptorContext,System.Collections.IDictionary)" , previous comments overriden.
warning QA1009: Duplicate <param name="propertyValues"> tag for member : "M:System.Windows.Forms.LinkArea.LinkAreaConverter.CreateInstance(System.ComponentModel.ITypeDescriptorContext,System.Collections.IDictionary)" , previous comments overriden.
warning QA1009: Duplicate <param name="context"> tag for member : "M:System.Windows.Forms.LinkArea.LinkAreaConverter.GetCreateInstanceSupported(System.ComponentModel.ITypeDescriptorContext)" , previous comments overriden.
warning QA1009: Duplicate <param name="context"> tag for member : "M:System.Windows.Forms.LinkArea.LinkAreaConverter.GetPropertiesSupported(System.ComponentModel.ITypeDescriptorContext)" , previous comments overriden.
warning QA1009: Duplicate <param name="e"> tag for member : "M:System.Windows.Forms.LinkLabel.OnGotFocus(System.EventArgs)" , previous comments overriden.
warning QA1009: Duplicate <param name="e"> tag for member : "M:System.Windows.Forms.LinkLabel.OnKeyDown(System.Windows.Forms.KeyEventArgs)" , previous comments overriden.
warning QA1009: Duplicate <param name="e"> tag for member : "M:System.Windows.Forms.LinkLabel.OnLostFocus(System.EventArgs)" , previous comments overriden.
warning QA1009: Duplicate <param name="e"> tag for member : "M:System.Windows.Forms.LinkLabel.OnMouseDown(System.Windows.Forms.MouseEventArgs)" , previous comments overriden.
warning QA1009: Duplicate <param name="e"> tag for member : "M:System.Windows.Forms.LinkLabel.OnMouseMove(System.Windows.Forms.MouseEventArgs)" , previous comments overriden.
warning QA1009: Duplicate <param name="e"> tag for member : "M:System.Windows.Forms.LinkLabel.OnMouseUp(System.Windows.Forms.MouseEventArgs)" , previous comments overriden.
warning QA1009: Duplicate <param name="keyData"> tag for member : "M:System.Windows.Forms.LinkLabel.ProcessDialogKey(System.Windows.Forms.Keys)" , previous comments overriden.
warning QA1009: Duplicate <param name="x"> tag for member : "M:System.Windows.Forms.LinkLabel.SetBoundsCore(System.Int32,System.Int32,System.Int32,System.Int32,System.Windows.Forms.BoundsSpecified)" , previous comments overriden.
warning QA1009: Duplicate <param name="y"> tag for member : "M:System.Windows.Forms.LinkLabel.SetBoundsCore(System.Int32,System.Int32,System.Int32,System.Int32,System.Windows.Forms.BoundsSpecified)" , previous comments overriden.
warning QA1009: Duplicate <param name="width"> tag for member : "M:System.Windows.Forms.LinkLabel.SetBoundsCore(System.Int32,System.Int32,System.Int32,System.Int32,System.Windows.Forms.BoundsSpecified)" , previous comments overriden.
warning QA1009: Duplicate <param name="height"> tag for member : "M:System.Windows.Forms.LinkLabel.SetBoundsCore(System.Int32,System.Int32,System.Int32,System.Int32,System.Windows.Forms.BoundsSpecified)" , previous comments overriden.
warning QA1009: Duplicate <param name="specified"> tag for member : "M:System.Windows.Forms.LinkLabel.SetBoundsCore(System.Int32,System.Int32,System.Int32,System.Int32,System.Windows.Forms.BoundsSpecified)" , previous comments overriden.
warning QA1009: Duplicate <param name="e"> tag for member : "M:System.Windows.Forms.ListBox.OnSelectedIndexChanged(System.EventArgs)" , previous comments overriden.
warning QA1009: Duplicate <param name="disposing"> tag for member : "M:System.Windows.Forms.ListView.Dispose(System.Boolean)" , previous comments overriden.
warning QA1009: Duplicate <param name="e"> tag for member : "M:System.Windows.Forms.ListView.OnFontChanged(System.EventArgs)" , previous comments overriden.
warning QA1009: Duplicate <param name="context"> tag for member : "M:System.Windows.Forms.ListViewItemConverter.CanConvertTo(System.ComponentModel.ITypeDescriptorContext,System.Type)" , previous comments overriden.
warning QA1009: Duplicate <param name="destinationType"> tag for member : "M:System.Windows.Forms.ListViewItemConverter.CanConvertTo(System.ComponentModel.ITypeDescriptorContext,System.Type)" , previous comments overriden.
warning QA1009: Duplicate <param name="context"> tag for member : "M:System.Windows.Forms.ListViewItemConverter.ConvertTo(System.ComponentModel.ITypeDescriptorContext,System.Globalization.CultureInfo,System.Object,System.Type)" , previous comments overriden.
warning QA1009: Duplicate <param name="culture"> tag for member : "M:System.Windows.Forms.ListViewItemConverter.ConvertTo(System.ComponentModel.ITypeDescriptorContext,System.Globalization.CultureInfo,System.Object,System.Type)" , previous comments overriden.
warning QA1009: Duplicate <param name="value"> tag for member : "M:System.Windows.Forms.ListViewItemConverter.ConvertTo(System.ComponentModel.ITypeDescriptorContext,System.Globalization.CultureInfo,System.Object,System.Type)" , previous comments overriden.
warning QA1009: Duplicate <param name="destinationType"> tag for member : "M:System.Windows.Forms.ListViewItemConverter.ConvertTo(System.ComponentModel.ITypeDescriptorContext,System.Globalization.CultureInfo,System.Object,System.Type)" , previous comments overriden.
warning QA1009: Duplicate <param name="keyData"> tag for member : "M:System.Windows.Forms.MaskedTextBox.IsInputKey(System.Windows.Forms.Keys)" , previous comments overriden.
warning QA1009: Duplicate <param name="e"> tag for member : "M:System.Windows.Forms.MaskedTextBox.OnBackColorChanged(System.EventArgs)" , previous comments overriden.
warning QA1009: Duplicate <param name="context"> tag for member : "M:System.Windows.Forms.PaddingConverter.CanConvertFrom(System.ComponentModel.ITypeDescriptorContext,System.Type)" , previous comments overriden.
warning QA1009: Duplicate <param name="sourceType"> tag for member : "M:System.Windows.Forms.PaddingConverter.CanConvertFrom(System.ComponentModel.ITypeDescriptorContext,System.Type)" , previous comments overriden.
warning QA1009: Duplicate <param name="context"> tag for member : "M:System.Windows.Forms.PaddingConverter.CanConvertTo(System.ComponentModel.ITypeDescriptorContext,System.Type)" , previous comments overriden.
warning QA1009: Duplicate <param name="destinationType"> tag for member : "M:System.Windows.Forms.PaddingConverter.CanConvertTo(System.ComponentModel.ITypeDescriptorContext,System.Type)" , previous comments overriden.
warning QA1009: Duplicate <param name="context"> tag for member : "M:System.Windows.Forms.PaddingConverter.ConvertFrom(System.ComponentModel.ITypeDescriptorContext,System.Globalization.CultureInfo,System.Object)" , previous comments overriden.
warning QA1009: Duplicate <param name="culture"> tag for member : "M:System.Windows.Forms.PaddingConverter.ConvertFrom(System.ComponentModel.ITypeDescriptorContext,System.Globalization.CultureInfo,System.Object)" , previous comments overriden.
warning QA1009: Duplicate <param name="value"> tag for member : "M:System.Windows.Forms.PaddingConverter.ConvertFrom(System.ComponentModel.ITypeDescriptorContext,System.Globalization.CultureInfo,System.Object)" , previous comments overriden.
warning QA1009: Duplicate <param name="context"> tag for member : "M:System.Windows.Forms.PaddingConverter.ConvertTo(System.ComponentModel.ITypeDescriptorContext,System.Globalization.CultureInfo,System.Object,System.Type)" , previous comments overriden.
warning QA1009: Duplicate <param name="culture"> tag for member : "M:System.Windows.Forms.PaddingConverter.ConvertTo(System.ComponentModel.ITypeDescriptorContext,System.Globalization.CultureInfo,System.Object,System.Type)" , previous comments overriden.
warning QA1009: Duplicate <param name="value"> tag for member : "M:System.Windows.Forms.PaddingConverter.ConvertTo(System.ComponentModel.ITypeDescriptorContext,System.Globalization.CultureInfo,System.Object,System.Type)" , previous comments overriden.
warning QA1009: Duplicate <param name="destinationType"> tag for member : "M:System.Windows.Forms.PaddingConverter.ConvertTo(System.ComponentModel.ITypeDescriptorContext,System.Globalization.CultureInfo,System.Object,System.Type)" , previous comments overriden.
warning QA1009: Duplicate <param name="context"> tag for member : "M:System.Windows.Forms.PaddingConverter.CreateInstance(System.ComponentModel.ITypeDescriptorContext,System.Collections.IDictionary)" , previous comments overriden.
warning QA1009: Duplicate <param name="propertyValues"> tag for member : "M:System.Windows.Forms.PaddingConverter.CreateInstance(System.ComponentModel.ITypeDescriptorContext,System.Collections.IDictionary)" , previous comments overriden.
warning QA1009: Duplicate <param name="context"> tag for member : "M:System.Windows.Forms.PaddingConverter.GetCreateInstanceSupported(System.ComponentModel.ITypeDescriptorContext)" , previous comments overriden.
warning QA1009: Duplicate <param name="context"> tag for member : "M:System.Windows.Forms.PaddingConverter.GetProperties(System.ComponentModel.ITypeDescriptorContext,System.Object,System.Attribute[])" , previous comments overriden.
warning QA1009: Duplicate <param name="value"> tag for member : "M:System.Windows.Forms.PaddingConverter.GetProperties(System.ComponentModel.ITypeDescriptorContext,System.Object,System.Attribute[])" , previous comments overriden.
warning QA1009: Duplicate <param name="attributes"> tag for member : "M:System.Windows.Forms.PaddingConverter.GetProperties(System.ComponentModel.ITypeDescriptorContext,System.Object,System.Attribute[])" , previous comments overriden.
warning QA1009: Duplicate <param name="context"> tag for member : "M:System.Windows.Forms.PaddingConverter.GetPropertiesSupported(System.ComponentModel.ITypeDescriptorContext)" , previous comments overriden.
warning QA1009: Duplicate <param name="e"> tag for member : "M:System.Windows.Forms.PropertyGrid.OnHandleCreated(System.EventArgs)" , previous comments overriden.
warning QA1009: Duplicate <param name="context"> tag for member : "M:System.Windows.Forms.ScrollableControl.DockPaddingEdgesConverter.GetProperties(System.ComponentModel.ITypeDescriptorContext,System.Object,System.Attribute[])" , previous comments overriden.
warning QA1009: Duplicate <param name="value"> tag for member : "M:System.Windows.Forms.ScrollableControl.DockPaddingEdgesConverter.GetProperties(System.ComponentModel.ITypeDescriptorContext,System.Object,System.Attribute[])" , previous comments overriden.
warning QA1009: Duplicate <param name="attributes"> tag for member : "M:System.Windows.Forms.ScrollableControl.DockPaddingEdgesConverter.GetProperties(System.ComponentModel.ITypeDescriptorContext,System.Object,System.Attribute[])" , previous comments overriden.
warning QA1009: Duplicate <param name="context"> tag for member : "M:System.Windows.Forms.ScrollableControl.DockPaddingEdgesConverter.GetPropertiesSupported(System.ComponentModel.ITypeDescriptorContext)" , previous comments overriden.
warning QA1009: Duplicate <param name="disposing"> tag for member : "M:System.Windows.Forms.StatusBar.Dispose(System.Boolean)" , previous comments overriden.
warning QA1009: Duplicate <param name="e"> tag for member : "M:System.Windows.Forms.StatusBar.OnHandleCreated(System.EventArgs)" , previous comments overriden.
warning QA1009: Duplicate <param name="e"> tag for member : "M:System.Windows.Forms.StatusBar.OnHandleDestroyed(System.EventArgs)" , previous comments overriden.
warning QA1009: Duplicate <param name="levent"> tag for member : "M:System.Windows.Forms.StatusBar.OnLayout(System.Windows.Forms.LayoutEventArgs)" , previous comments overriden.
warning QA1009: Duplicate <param name="e"> tag for member : "M:System.Windows.Forms.StatusBar.OnMouseDown(System.Windows.Forms.MouseEventArgs)" , previous comments overriden.
warning QA1009: Duplicate <param name="e"> tag for member : "M:System.Windows.Forms.StatusBar.OnResize(System.EventArgs)" , previous comments overriden.
warning QA1009: Duplicate <param name="m"> tag for member : "M:System.Windows.Forms.TextBox.WndProc(System.Windows.Forms.Message@)" , previous comments overriden.
warning QA1009: Duplicate <param name="m"> tag for member : "M:System.Windows.Forms.TextBoxBase.WndProc(System.Windows.Forms.Message@)" , previous comments overriden.
warning QA1009: Duplicate <param name="e"> tag for member : "M:System.Windows.Forms.ToolBar.OnHandleCreated(System.EventArgs)" , previous comments overriden.
warning QA1009: Duplicate <param name="e"> tag for member : "M:System.Windows.Forms.ToolBar.OnResize(System.EventArgs)" , previous comments overriden.
warning QA1009: Duplicate <param name="context"> tag for member : "M:System.Windows.Forms.TreeNodeConverter.CanConvertTo(System.ComponentModel.ITypeDescriptorContext,System.Type)" , previous comments overriden.
warning QA1009: Duplicate <param name="destinationType"> tag for member : "M:System.Windows.Forms.TreeNodeConverter.CanConvertTo(System.ComponentModel.ITypeDescriptorContext,System.Type)" , previous comments overriden.
warning QA1009: Duplicate <param name="context"> tag for member : "M:System.Windows.Forms.TreeViewImageIndexConverter.ConvertFrom(System.ComponentModel.ITypeDescriptorContext,System.Globalization.CultureInfo,System.Object)" , previous comments overriden.
warning QA1009: Duplicate <param name="culture"> tag for member : "M:System.Windows.Forms.TreeViewImageIndexConverter.ConvertFrom(System.ComponentModel.ITypeDescriptorContext,System.Globalization.CultureInfo,System.Object)" , previous comments overriden.
warning QA1009: Duplicate <param name="value"> tag for member : "M:System.Windows.Forms.TreeViewImageIndexConverter.ConvertFrom(System.ComponentModel.ITypeDescriptorContext,System.Globalization.CultureInfo,System.Object)" , previous comments overriden.
warning QA1009: Duplicate <param name="context"> tag for member : "M:System.Windows.Forms.TreeViewImageIndexConverter.ConvertTo(System.ComponentModel.ITypeDescriptorContext,System.Globalization.CultureInfo,System.Object,System.Type)" , previous comments overriden.
warning QA1009: Duplicate <param name="culture"> tag for member : "M:System.Windows.Forms.TreeViewImageIndexConverter.ConvertTo(System.ComponentModel.ITypeDescriptorContext,System.Globalization.CultureInfo,System.Object,System.Type)" , previous comments overriden.
warning QA1009: Duplicate <param name="value"> tag for member : "M:System.Windows.Forms.TreeViewImageIndexConverter.ConvertTo(System.ComponentModel.ITypeDescriptorContext,System.Globalization.CultureInfo,System.Object,System.Type)" , previous comments overriden.
warning QA1009: Duplicate <param name="destinationType"> tag for member : "M:System.Windows.Forms.TreeViewImageIndexConverter.ConvertTo(System.ComponentModel.ITypeDescriptorContext,System.Globalization.CultureInfo,System.Object,System.Type)" , previous comments overriden.
warning QA1009: Duplicate <param name="context"> tag for member : "M:System.Windows.Forms.TreeViewImageIndexConverter.GetStandardValues(System.ComponentModel.ITypeDescriptorContext)" , previous comments overriden.
warning QA1009: Duplicate <param name="obj"> tag for member : "M:System.ComponentModel.CategoryAttribute.Equals(System.Object)" , previous comments overriden.
warning QA1009: Duplicate <param name="obj"> tag for member : "M:System.ComponentModel.DataObjectAttribute.Equals(System.Object)" , previous comments overriden.
warning QA1009: Duplicate <param name="obj"> tag for member : "M:System.ComponentModel.DataObjectFieldAttribute.Equals(System.Object)" , previous comments overriden.
warning QA1009: Duplicate <param name="obj"> tag for member : "M:System.ComponentModel.DataObjectMethodAttribute.Equals(System.Object)" , previous comments overriden.
warning QA1009: Duplicate <param name="obj"> tag for member : "M:System.ComponentModel.DesignerCategoryAttribute.Equals(System.Object)" , previous comments overriden.
warning QA1009: Duplicate <param name="obj"> tag for member : "M:System.ComponentModel.DesignerSerializationVisibilityAttribute.Equals(System.Object)" , previous comments overriden.
warning QA1009: Duplicate <param name="obj"> tag for member : "M:System.ComponentModel.DesignTimeVisibleAttribute.Equals(System.Object)" , previous comments overriden.
warning QA1009: Duplicate <param name="obj"> tag for member : "M:System.ComponentModel.EditorAttribute.Equals(System.Object)" , previous comments overriden.
warning QA1009: Duplicate <param name="context"> tag for member : "M:System.ComponentModel.NullableConverter.CreateInstance(System.ComponentModel.ITypeDescriptorContext,System.Collections.IDictionary)" , previous comments overriden.
warning QA1009: Duplicate <param name="propertyValues"> tag for member : "M:System.ComponentModel.NullableConverter.CreateInstance(System.ComponentModel.ITypeDescriptorContext,System.Collections.IDictionary)" , previous comments overriden.
warning QA1009: Duplicate <param name="context"> tag for member : "M:System.ComponentModel.NullableConverter.GetCreateInstanceSupported(System.ComponentModel.ITypeDescriptorContext)" , previous comments overriden.
warning QA1009: Duplicate <param name="context"> tag for member : "M:System.ComponentModel.NullableConverter.GetProperties(System.ComponentModel.ITypeDescriptorContext,System.Object,System.Attribute[])" , previous comments overriden.
warning QA1009: Duplicate <param name="value"> tag for member : "M:System.ComponentModel.NullableConverter.GetProperties(System.ComponentModel.ITypeDescriptorContext,System.Object,System.Attribute[])" , previous comments overriden.
warning QA1009: Duplicate <param name="attributes"> tag for member : "M:System.ComponentModel.NullableConverter.GetProperties(System.ComponentModel.ITypeDescriptorContext,System.Object,System.Attribute[])" , previous comments overriden.
warning QA1009: Duplicate <param name="context"> tag for member : "M:System.ComponentModel.NullableConverter.GetPropertiesSupported(System.ComponentModel.ITypeDescriptorContext)" , previous comments overriden.
warning QA1009: Duplicate <param name="context"> tag for member : "M:System.ComponentModel.NullableConverter.GetStandardValues(System.ComponentModel.ITypeDescriptorContext)" , previous comments overriden.
warning QA1009: Duplicate <param name="context"> tag for member : "M:System.ComponentModel.NullableConverter.GetStandardValuesExclusive(System.ComponentModel.ITypeDescriptorContext)" , previous comments overriden.
warning QA1009: Duplicate <param name="context"> tag for member : "M:System.ComponentModel.NullableConverter.GetStandardValuesSupported(System.ComponentModel.ITypeDescriptorContext)" , previous comments overriden.
warning QA1009: Duplicate <param name="context"> tag for member : "M:System.ComponentModel.NullableConverter.IsValid(System.ComponentModel.ITypeDescriptorContext,System.Object)" , previous comments overriden.
warning QA1009: Duplicate <param name="value"> tag for member : "M:System.ComponentModel.NullableConverter.IsValid(System.ComponentModel.ITypeDescriptorContext,System.Object)" , previous comments overriden.
warning QA1009: Duplicate <param name="obj"> tag for member : "M:System.ComponentModel.SettingsBindableAttribute.Equals(System.Object)" , previous comments overriden.
warning QA1009: Duplicate <param name="obj"> tag for member : "M:System.ComponentModel.ToolboxItemAttribute.Equals(System.Object)" , previous comments overriden.
warning QA1009: Duplicate <param name="obj"> tag for member : "M:System.ComponentModel.ToolboxItemFilterAttribute.Equals(System.Object)" , previous comments overriden.
warning QA1009: Duplicate <param name="sender"> tag for member : "M:System.Net.WebHeaderCollection.OnDeserialization(System.Object)" , previous comments overriden.
